[nltk_data] Downloading collection 'all'
[nltk_data]    | 
[nltk_data]    | Downloading package abc to /home/eff254/nltk_data...
[nltk_data]    |   Unzipping corpora/abc.zip.
[nltk_data]    | Downloading package alpino to
[nltk_data]    |     /home/eff254/nltk_data...
[nltk_data]    |   Unzipping corpora/alpino.zip.
[nltk_data]    | Downloading package biocreative_ppi to
[nltk_data]    |     /home/eff254/nltk_data...
[nltk_data]    |   Unzipping corpora/biocreative_ppi.zip.
[nltk_data]    | Downloading package brown to
[nltk_data]    |     /home/eff254/nltk_data...
[nltk_data]    |   Unzipping corpora/brown.zip.
[nltk_data]    | Downloading package brown_tei to
[nltk_data]    |     /home/eff254/nltk_data...
[nltk_data]    |   Unzipping corpora/brown_tei.zip.
[nltk_data]    | Downloading package cess_cat to
[nltk_data]    |     /home/eff254/nltk_data...
[nltk_data]    |   Unzipping corpora/cess_cat.zip.
[nltk_data]    | Downloading package cess_esp to
[nltk_data]    |     /home/eff254/nltk_data...
[nltk_data]    |   Unzipping corpora/cess_esp.zip.
[nltk_data]    | Downloading package chat80 to
[nltk_data]    |     /home/eff254/nltk_data...
[nltk_data]    |   Unzipping corpora/chat80.zip.
[nltk_data]    | Downloading package city_database to
[nltk_data]    |     /home/eff254/nltk_data...
[nltk_data]    |   Unzipping corpora/city_database.zip.
[nltk_data]    | Downloading package cmudict to
[nltk_data]    |     /home/eff254/nltk_data...
[nltk_data]    |   Unzipping corpora/cmudict.zip.
[nltk_data]    | Downloading package comparative_sentences to
[nltk_data]    |     /home/eff254/nltk_data...
[nltk_data]    |   Unzipping corpora/comparative_sentences.zip.
[nltk_data]    | Downloading package comtrans to
[nltk_data]    |     /home/eff254/nltk_data...
[nltk_data]    | Downloading package conll2000 to
[nltk_data]    |     /home/eff254/nltk_data...
[nltk_data]    |   Unzipping corpora/conll2000.zip.
[nltk_data]    | Downloading package conll2002 to
[nltk_data]    |     /home/eff254/nltk_data...
[nltk_data]    |   Unzipping corpora/conll2002.zip.
[nltk_data]    | Downloading package conll2007 to
[nltk_data]    |     /home/eff254/nltk_data...
[nltk_data]    | Downloading package crubadan to
[nltk_data]    |     /home/eff254/nltk_data...
[nltk_data]    |   Unzipping corpora/crubadan.zip.
[nltk_data]    | Downloading package dependency_treebank to
[nltk_data]    |     /home/eff254/nltk_data...
[nltk_data]    |   Unzipping corpora/dependency_treebank.zip.
[nltk_data]    | Downloading package dolch to
[nltk_data]    |     /home/eff254/nltk_data...
[nltk_data]    |   Unzipping corpora/dolch.zip.
[nltk_data]    | Downloading package europarl_raw to
[nltk_data]    |     /home/eff254/nltk_data...
[nltk_data]    |   Unzipping corpora/europarl_raw.zip.
[nltk_data]    | Downloading package floresta to
[nltk_data]    |     /home/eff254/nltk_data...
[nltk_data]    |   Unzipping corpora/floresta.zip.
[nltk_data]    | Downloading package framenet_v15 to
[nltk_data]    |     /home/eff254/nltk_data...
[nltk_data]    |   Unzipping corpora/framenet_v15.zip.
[nltk_data]    | Downloading package framenet_v17 to
[nltk_data]    |     /home/eff254/nltk_data...
[nltk_data]    |   Unzipping corpora/framenet_v17.zip.
[nltk_data]    | Downloading package gazetteers to
[nltk_data]    |     /home/eff254/nltk_data...
[nltk_data]    |   Unzipping corpora/gazetteers.zip.
[nltk_data]    | Downloading package genesis to
[nltk_data]    |     /home/eff254/nltk_data...
[nltk_data]    |   Unzipping corpora/genesis.zip.
[nltk_data]    | Downloading package gutenberg to
[nltk_data]    |     /home/eff254/nltk_data...
[nltk_data]    |   Unzipping corpora/gutenberg.zip.
[nltk_data]    | Downloading package ieer to /home/eff254/nltk_data...
[nltk_data]    |   Unzipping corpora/ieer.zip.
[nltk_data]    | Downloading package inaugural to
[nltk_data]    |     /home/eff254/nltk_data...
[nltk_data]    |   Unzipping corpora/inaugural.zip.
[nltk_data]    | Downloading package indian to
[nltk_data]    |     /home/eff254/nltk_data...
[nltk_data]    |   Unzipping corpora/indian.zip.
[nltk_data]    | Downloading package jeita to
[nltk_data]    |     /home/eff254/nltk_data...
[nltk_data]    | Downloading package kimmo to
[nltk_data]    |     /home/eff254/nltk_data...
[nltk_data]    |   Unzipping corpora/kimmo.zip.
[nltk_data]    | Downloading package knbc to /home/eff254/nltk_data...
[nltk_data]    | Downloading package lin_thesaurus to
[nltk_data]    |     /home/eff254/nltk_data...
[nltk_data]    |   Unzipping corpora/lin_thesaurus.zip.
[nltk_data]    | Downloading package mac_morpho to
[nltk_data]    |     /home/eff254/nltk_data...
[nltk_data]    |   Unzipping corpora/mac_morpho.zip.
[nltk_data]    | Downloading package machado to
[nltk_data]    |     /home/eff254/nltk_data...
[nltk_data]    | Downloading package masc_tagged to
[nltk_data]    |     /home/eff254/nltk_data...
[nltk_data]    | Downloading package moses_sample to
[nltk_data]    |     /home/eff254/nltk_data...
[nltk_data]    |   Unzipping models/moses_sample.zip.
[nltk_data]    | Downloading package movie_reviews to
[nltk_data]    |     /home/eff254/nltk_data...
[nltk_data]    |   Unzipping corpora/movie_reviews.zip.
[nltk_data]    | Downloading package names to
[nltk_data]    |     /home/eff254/nltk_data...
[nltk_data]    |   Unzipping corpora/names.zip.
[nltk_data]    | Downloading package nombank.1.0 to
[nltk_data]    |     /home/eff254/nltk_data...
[nltk_data]    | Downloading package nps_chat to
[nltk_data]    |     /home/eff254/nltk_data...
[nltk_data]    |   Unzipping corpora/nps_chat.zip.
[nltk_data]    | Downloading package omw to /home/eff254/nltk_data...
[nltk_data]    |   Unzipping corpora/omw.zip.
[nltk_data]    | Downloading package opinion_lexicon to
[nltk_data]    |     /home/eff254/nltk_data...
[nltk_data]    |   Unzipping corpora/opinion_lexicon.zip.
[nltk_data]    | Downloading package paradigms to
[nltk_data]    |     /home/eff254/nltk_data...
[nltk_data]    |   Unzipping corpora/paradigms.zip.
[nltk_data]    | Downloading package pil to /home/eff254/nltk_data...
[nltk_data]    |   Unzipping corpora/pil.zip.
[nltk_data]    | Downloading package pl196x to
[nltk_data]    |     /home/eff254/nltk_data...
[nltk_data]    |   Unzipping corpora/pl196x.zip.
[nltk_data]    | Downloading package ppattach to
[nltk_data]    |     /home/eff254/nltk_data...
[nltk_data]    |   Unzipping corpora/ppattach.zip.
[nltk_data]    | Downloading package problem_reports to
[nltk_data]    |     /home/eff254/nltk_data...
[nltk_data]    |   Unzipping corpora/problem_reports.zip.
[nltk_data]    | Downloading package propbank to
[nltk_data]    |     /home/eff254/nltk_data...
[nltk_data]    | Downloading package ptb to /home/eff254/nltk_data...
[nltk_data]    |   Unzipping corpora/ptb.zip.
[nltk_data]    | Downloading package product_reviews_1 to
[nltk_data]    |     /home/eff254/nltk_data...
[nltk_data]    |   Unzipping corpora/product_reviews_1.zip.
[nltk_data]    | Downloading package product_reviews_2 to
[nltk_data]    |     /home/eff254/nltk_data...
[nltk_data]    |   Unzipping corpora/product_reviews_2.zip.
[nltk_data]    | Downloading package pros_cons to
[nltk_data]    |     /home/eff254/nltk_data...
[nltk_data]    |   Unzipping corpora/pros_cons.zip.
[nltk_data]    | Downloading package qc to /home/eff254/nltk_data...
[nltk_data]    |   Unzipping corpora/qc.zip.
[nltk_data]    | Downloading package reuters to
[nltk_data]    |     /home/eff254/nltk_data...
[nltk_data]    | Downloading package rte to /home/eff254/nltk_data...
[nltk_data]    |   Unzipping corpora/rte.zip.
[nltk_data]    | Downloading package semcor to
[nltk_data]    |     /home/eff254/nltk_data...
[nltk_data]    | Downloading package senseval to
[nltk_data]    |     /home/eff254/nltk_data...
[nltk_data]    |   Unzipping corpora/senseval.zip.
[nltk_data]    | Downloading package sentiwordnet to
[nltk_data]    |     /home/eff254/nltk_data...
[nltk_data]    |   Unzipping corpora/sentiwordnet.zip.
[nltk_data]    | Downloading package sentence_polarity to
[nltk_data]    |     /home/eff254/nltk_data...
[nltk_data]    |   Unzipping corpora/sentence_polarity.zip.
[nltk_data]    | Downloading package shakespeare to
[nltk_data]    |     /home/eff254/nltk_data...
[nltk_data]    |   Unzipping corpora/shakespeare.zip.
[nltk_data]    | Downloading package sinica_treebank to
[nltk_data]    |     /home/eff254/nltk_data...
[nltk_data]    |   Unzipping corpora/sinica_treebank.zip.
[nltk_data]    | Downloading package smultron to
[nltk_data]    |     /home/eff254/nltk_data...
[nltk_data]    |   Unzipping corpora/smultron.zip.
[nltk_data]    | Downloading package state_union to
[nltk_data]    |     /home/eff254/nltk_data...
[nltk_data]    |   Unzipping corpora/state_union.zip.
[nltk_data]    | Downloading package stopwords to
[nltk_data]    |     /home/eff254/nltk_data...
[nltk_data]    |   Unzipping corpora/stopwords.zip.
[nltk_data]    | Downloading package subjectivity to
[nltk_data]    |     /home/eff254/nltk_data...
[nltk_data]    |   Unzipping corpora/subjectivity.zip.
[nltk_data]    | Downloading package swadesh to
[nltk_data]    |     /home/eff254/nltk_data...
[nltk_data]    |   Unzipping corpora/swadesh.zip.
[nltk_data]    | Downloading package switchboard to
[nltk_data]    |     /home/eff254/nltk_data...
[nltk_data]    |   Unzipping corpora/switchboard.zip.
[nltk_data]    | Downloading package timit to
[nltk_data]    |     /home/eff254/nltk_data...
[nltk_data]    |   Unzipping corpora/timit.zip.
[nltk_data]    | Downloading package toolbox to
[nltk_data]    |     /home/eff254/nltk_data...
[nltk_data]    |   Unzipping corpora/toolbox.zip.
[nltk_data]    | Downloading package treebank to
[nltk_data]    |     /home/eff254/nltk_data...
[nltk_data]    |   Unzipping corpora/treebank.zip.
[nltk_data]    | Downloading package twitter_samples to
[nltk_data]    |     /home/eff254/nltk_data...
[nltk_data]    |   Unzipping corpora/twitter_samples.zip.
[nltk_data]    | Downloading package udhr to /home/eff254/nltk_data...
[nltk_data]    |   Unzipping corpora/udhr.zip.
[nltk_data]    | Downloading package udhr2 to
[nltk_data]    |     /home/eff254/nltk_data...
[nltk_data]    |   Unzipping corpora/udhr2.zip.
[nltk_data]    | Downloading package unicode_samples to
[nltk_data]    |     /home/eff254/nltk_data...
[nltk_data]    |   Unzipping corpora/unicode_samples.zip.
[nltk_data]    | Downloading package universal_treebanks_v20 to
[nltk_data]    |     /home/eff254/nltk_data...
[nltk_data]    | Downloading package verbnet to
[nltk_data]    |     /home/eff254/nltk_data...
[nltk_data]    |   Unzipping corpora/verbnet.zip.
[nltk_data]    | Downloading package webtext to
[nltk_data]    |     /home/eff254/nltk_data...
[nltk_data]    |   Unzipping corpora/webtext.zip.
[nltk_data]    | Downloading package wordnet to
[nltk_data]    |     /home/eff254/nltk_data...
[nltk_data]    |   Unzipping corpora/wordnet.zip.
[nltk_data]    | Downloading package wordnet_ic to
[nltk_data]    |     /home/eff254/nltk_data...
[nltk_data]    |   Unzipping corpora/wordnet_ic.zip.
[nltk_data]    | Downloading package words to
[nltk_data]    |     /home/eff254/nltk_data...
[nltk_data]    |   Unzipping corpora/words.zip.
[nltk_data]    | Downloading package ycoe to /home/eff254/nltk_data...
[nltk_data]    |   Unzipping corpora/ycoe.zip.
[nltk_data]    | Downloading package rslp to /home/eff254/nltk_data...
[nltk_data]    |   Unzipping stemmers/rslp.zip.
[nltk_data]    | Downloading package hmm_treebank_pos_tagger to
[nltk_data]    |     /home/eff254/nltk_data...
[nltk_data]    |   Unzipping taggers/hmm_treebank_pos_tagger.zip.
[nltk_data]    | Downloading package maxent_treebank_pos_tagger to
[nltk_data]    |     /home/eff254/nltk_data...
[nltk_data]    |   Unzipping taggers/maxent_treebank_pos_tagger.zip.
[nltk_data]    | Downloading package universal_tagset to
[nltk_data]    |     /home/eff254/nltk_data...
[nltk_data]    |   Unzipping taggers/universal_tagset.zip.
[nltk_data]    | Downloading package maxent_ne_chunker to
[nltk_data]    |     /home/eff254/nltk_data...
[nltk_data]    |   Unzipping chunkers/maxent_ne_chunker.zip.
[nltk_data]    | Downloading package punkt to
[nltk_data]    |     /home/eff254/nltk_data...
[nltk_data]    |   Unzipping tokenizers/punkt.zip.
[nltk_data]    | Downloading package book_grammars to
[nltk_data]    |     /home/eff254/nltk_data...
[nltk_data]    |   Unzipping grammars/book_grammars.zip.
[nltk_data]    | Downloading package sample_grammars to
[nltk_data]    |     /home/eff254/nltk_data...
[nltk_data]    |   Unzipping grammars/sample_grammars.zip.
[nltk_data]    | Downloading package spanish_grammars to
[nltk_data]    |     /home/eff254/nltk_data...
[nltk_data]    |   Unzipping grammars/spanish_grammars.zip.
[nltk_data]    | Downloading package basque_grammars to
[nltk_data]    |     /home/eff254/nltk_data...
[nltk_data]    |   Unzipping grammars/basque_grammars.zip.
[nltk_data]    | Downloading package large_grammars to
[nltk_data]    |     /home/eff254/nltk_data...
[nltk_data]    |   Unzipping grammars/large_grammars.zip.
[nltk_data]    | Downloading package tagsets to
[nltk_data]    |     /home/eff254/nltk_data...
[nltk_data]    |   Unzipping help/tagsets.zip.
[nltk_data]    | Downloading package snowball_data to
[nltk_data]    |     /home/eff254/nltk_data...
[nltk_data]    | Downloading package bllip_wsj_no_aux to
[nltk_data]    |     /home/eff254/nltk_data...
[nltk_data]    |   Unzipping models/bllip_wsj_no_aux.zip.
[nltk_data]    | Downloading package word2vec_sample to
[nltk_data]    |     /home/eff254/nltk_data...
[nltk_data]    |   Unzipping models/word2vec_sample.zip.
[nltk_data]    | Downloading package panlex_swadesh to
[nltk_data]    |     /home/eff254/nltk_data...
[nltk_data]    | Downloading package mte_teip5 to
[nltk_data]    |     /home/eff254/nltk_data...
[nltk_data]    |   Unzipping corpora/mte_teip5.zip.
[nltk_data]    | Downloading package averaged_perceptron_tagger to
[nltk_data]    |     /home/eff254/nltk_data...
[nltk_data]    |   Unzipping taggers/averaged_perceptron_tagger.zip.
[nltk_data]    | Downloading package perluniprops to
[nltk_data]    |     /home/eff254/nltk_data...
[nltk_data]    |   Unzipping misc/perluniprops.zip.
[nltk_data]    | Downloading package nonbreaking_prefixes to
[nltk_data]    |     /home/eff254/nltk_data...
[nltk_data]    |   Unzipping corpora/nonbreaking_prefixes.zip.
[nltk_data]    | Downloading package vader_lexicon to
[nltk_data]    |     /home/eff254/nltk_data...
[nltk_data]    | Downloading package porter_test to
[nltk_data]    |     /home/eff254/nltk_data...
[nltk_data]    |   Unzipping stemmers/porter_test.zip.
[nltk_data]    | Downloading package wmt15_eval to
[nltk_data]    |     /home/eff254/nltk_data...
[nltk_data]    |   Unzipping models/wmt15_eval.zip.
[nltk_data]    | Downloading package mwa_ppdb to
[nltk_data]    |     /home/eff254/nltk_data...
[nltk_data]    |   Unzipping misc/mwa_ppdb.zip.
[nltk_data]    | 
[nltk_data]  Done downloading collection all
Namespace(alpha=0.75, batchSize=1024, context_window=5, disable_cuda=False, embedding_dim=300, learning_rate=1, main_data_dir='/scratch/eff254/Optimization/Data/', minibatch=10000, num_epochs=2000, numpy_random_seed=1234, top_k=10000, xmax=50)
Building Corpus...
0/4150 advance
100/4150 advance
200/4150 advance
300/4150 advance
400/4150 advance
500/4150 advance
600/4150 advance
700/4150 advance
800/4150 advance
900/4150 advance
1000/4150 advance
1100/4150 advance
1200/4150 advance
1300/4150 advance
1400/4150 advance
1500/4150 advance
1600/4150 advance
1700/4150 advance
1800/4150 advance
1900/4150 advance
2000/4150 advance
2100/4150 advance
2200/4150 advance
2300/4150 advance
2400/4150 advance
2500/4150 advance
2600/4150 advance
2700/4150 advance
2800/4150 advance
2900/4150 advance
3000/4150 advance
3100/4150 advance
3200/4150 advance
3300/4150 advance
3400/4150 advance
3500/4150 advance
3600/4150 advance
3700/4150 advance
3800/4150 advance
3900/4150 advance
4000/4150 advance
4100/4150 advance
Corpus Ready!!
Building cooccurrences matrix ...
Training Model...
