Namespace(alpha=0.75, batchSize=1024, context_window=8, disable_cuda=False, embedding_dim=300, enable_minibatch=False, learning_rate=0.01, main_data_dir='/scratch/eff254/Optimization/Data/', min_value=7, minibatch=400, num_epochs=2000, numpy_random_seed=1234, top_k=10000, xmax=50)
True
Building Corpus...
0/4150 advance
100/4150 advance
200/4150 advance
300/4150 advance
400/4150 advance
500/4150 advance
600/4150 advance
700/4150 advance
800/4150 advance
900/4150 advance
1000/4150 advance
1100/4150 advance
1200/4150 advance
1300/4150 advance
1400/4150 advance
1500/4150 advance
1600/4150 advance
1700/4150 advance
1800/4150 advance
1900/4150 advance
2000/4150 advance
2100/4150 advance
2200/4150 advance
2300/4150 advance
2400/4150 advance
2500/4150 advance
2600/4150 advance
2700/4150 advance
2800/4150 advance
2900/4150 advance
3000/4150 advance
3100/4150 advance
3200/4150 advance
3300/4150 advance
3400/4150 advance
3500/4150 advance
3600/4150 advance
3700/4150 advance
3800/4150 advance
3900/4150 advance
4000/4150 advance
4100/4150 advance
Corpus Ready!!
Building cooccurrences matrix ...
Training Model...
Epoch: 25 / 2000 Avg Loss: 0.160493992291
Epoch: 50 / 2000 Avg Loss: 0.0787308271815
Epoch: 75 / 2000 Avg Loss: 0.0514666795603
Epoch: 100 / 2000 Avg Loss: 0.0378716399745
Epoch: 125 / 2000 Avg Loss: 0.0297125020641
Epoch: 150 / 2000 Avg Loss: 0.0242832994971
Epoch: 175 / 2000 Avg Loss: 0.0204072039268
Epoch: 200 / 2000 Avg Loss: 0.0175044998719
Epoch: 225 / 2000 Avg Loss: 0.0152491376776
Epoch: 250 / 2000 Avg Loss: 0.0134429196904
Epoch: 275 / 2000 Avg Loss: 0.0119638731053
Epoch: 300 / 2000 Avg Loss: 0.0107257828146
Epoch: 325 / 2000 Avg Loss: 0.00967132730375
Epoch: 350 / 2000 Avg Loss: 0.00876181608088
Epoch: 375 / 2000 Avg Loss: 0.00796432561463
Epoch: 400 / 2000 Avg Loss: 0.0072588952586
Epoch: 425 / 2000 Avg Loss: 0.0066288357034
Epoch: 450 / 2000 Avg Loss: 0.00606459347037
Epoch: 475 / 2000 Avg Loss: 0.00555910223859
Epoch: 500 / 2000 Avg Loss: 0.00510800877145
Epoch: 525 / 2000 Avg Loss: 0.00470782790298
Epoch: 550 / 2000 Avg Loss: 0.00435336425595
Epoch: 575 / 2000 Avg Loss: 0.00403925471614
Epoch: 600 / 2000 Avg Loss: 0.00375990513305
Epoch: 625 / 2000 Avg Loss: 0.00351057022039
Epoch: 650 / 2000 Avg Loss: 0.0032870386943
Epoch: 675 / 2000 Avg Loss: 0.00308583227237
Epoch: 700 / 2000 Avg Loss: 0.00290399383416
Epoch: 725 / 2000 Avg Loss: 0.00273913441608
Epoch: 750 / 2000 Avg Loss: 0.00258899868092
Epoch: 775 / 2000 Avg Loss: 0.00245193392943
Epoch: 800 / 2000 Avg Loss: 0.00232647281047
Epoch: 825 / 2000 Avg Loss: 0.0022111710612
Epoch: 850 / 2000 Avg Loss: 0.00210492565154
Epoch: 875 / 2000 Avg Loss: 0.00200684811853
Epoch: 900 / 2000 Avg Loss: 0.00191610514771
Epoch: 925 / 2000 Avg Loss: 0.00183193137917
Epoch: 950 / 2000 Avg Loss: 0.0017536155045
Epoch: 975 / 2000 Avg Loss: 0.00168067734577
Epoch: 1000 / 2000 Avg Loss: 0.00161267568171
Epoch: 1025 / 2000 Avg Loss: 0.00154906626029
Epoch: 1050 / 2000 Avg Loss: 0.00148950832812
Epoch: 1075 / 2000 Avg Loss: 0.00143360057309
Epoch: 1100 / 2000 Avg Loss: 0.0013811553306
Epoch: 1125 / 2000 Avg Loss: 0.00133174062446
Epoch: 1150 / 2000 Avg Loss: 0.00128526519989
Epoch: 1175 / 2000 Avg Loss: 0.00124135165021
Epoch: 1200 / 2000 Avg Loss: 0.00119995406055
Epoch: 1225 / 2000 Avg Loss: 0.0011607875716
Epoch: 1250 / 2000 Avg Loss: 0.00112367216672
Epoch: 1275 / 2000 Avg Loss: 0.00108850395751
Epoch: 1300 / 2000 Avg Loss: 0.00105516697702
Epoch: 1325 / 2000 Avg Loss: 0.00102347833957
Epoch: 1350 / 2000 Avg Loss: 0.000993339660962
Epoch: 1375 / 2000 Avg Loss: 0.000964696341861
Epoch: 1400 / 2000 Avg Loss: 0.000937385984378
Epoch: 1425 / 2000 Avg Loss: 0.00091134219193
Epoch: 1450 / 2000 Avg Loss: 0.000886509438375
Epoch: 1475 / 2000 Avg Loss: 0.000862756894055
Epoch: 1500 / 2000 Avg Loss: 0.000840059512364
Epoch: 1525 / 2000 Avg Loss: 0.000818338940421
Epoch: 1550 / 2000 Avg Loss: 0.000797549601346
Epoch: 1575 / 2000 Avg Loss: 0.000777625501591
Epoch: 1600 / 2000 Avg Loss: 0.000758510798296
Epoch: 1625 / 2000 Avg Loss: 0.000740182400281
Epoch: 1650 / 2000 Avg Loss: 0.000722562952975
Epoch: 1675 / 2000 Avg Loss: 0.0007056402336
Epoch: 1700 / 2000 Avg Loss: 0.000689366947342
Epoch: 1725 / 2000 Avg Loss: 0.000673710935898
Epoch: 1750 / 2000 Avg Loss: 0.000658640652489
Epoch: 1775 / 2000 Avg Loss: 0.000644117799926
Epoch: 1800 / 2000 Avg Loss: 0.000630128573228
Epoch: 1825 / 2000 Avg Loss: 0.000616635509879
Epoch: 1850 / 2000 Avg Loss: 0.000603610593218
Epoch: 1875 / 2000 Avg Loss: 0.000591045373422
Epoch: 1900 / 2000 Avg Loss: 0.000578913557915
Epoch: 1925 / 2000 Avg Loss: 0.000567180667768
Epoch: 1950 / 2000 Avg Loss: 0.00055584163634
Epoch: 1975 / 2000 Avg Loss: 0.000544873877353
Epoch: 2000 / 2000 Avg Loss: 0.000534251906395
